# JRE version: OpenJDK Runtime Environment Temurin-21.0.5+11 (21.0.5+11) (build 21.0.5+11-LTS)
# Java VM: OpenJDK 64-Bit Server VM Temurin-21.0.5+11 (21.0.5+11-LTS, mixed mode, sharing, tiered, compressed oops, compressed class ptrs, g1 gc, bsd-aarch64)
Heap:
 garbage-first heap   total 137216K, used 99880K [0x0000000700000000, 0x0000000800000000)
  region size 2048K, 37 young (75776K), 7 survivors (14336K)
 Metaspace       used 28310K, committed 28736K, reserved 1114112K
  class space    used 3822K, committed 4032K, reserved 1048576K
GC Heap History (6 events):
Event: 0.346 GC heap before
{Heap before GC invocations=0 (full 0):
 garbage-first heap   total 264192K, used 21535K [0x0000000700000000, 0x0000000800000000)
  region size 2048K, 11 young (22528K), 0 survivors (0K)
 Metaspace       used 6229K, committed 6464K, reserved 1114112K
  class space    used 715K, committed 832K, reserved 1048576K
}
Event: 0.347 GC heap after
{Heap after GC invocations=1 (full 0):
 garbage-first heap   total 264192K, used 4189K [0x0000000700000000, 0x0000000800000000)
  region size 2048K, 2 young (4096K), 2 survivors (4096K)
 Metaspace       used 6229K, committed 6464K, reserved 1114112K
  class space    used 715K, committed 832K, reserved 1048576K
}
Event: 0.849 GC heap before
{Heap before GC invocations=1 (full 0):
 garbage-first heap   total 264192K, used 73821K [0x0000000700000000, 0x0000000800000000)
  region size 2048K, 29 young (59392K), 2 survivors (4096K)
 Metaspace       used 15749K, committed 16064K, reserved 1114112K
  class space    used 2395K, committed 2560K, reserved 1048576K
}
Event: 0.853 GC heap after
{Heap after GC invocations=2 (full 0):
 garbage-first heap   total 264192K, used 30839K [0x0000000700000000, 0x0000000800000000)
  region size 2048K, 4 young (8192K), 4 survivors (8192K)
 Metaspace       used 15749K, committed 16064K, reserved 1114112K
  class space    used 2395K, committed 2560K, reserved 1048576K
}
Event: 18.662 GC heap before
{Heap before GC invocations=2 (full 0):
 garbage-first heap   total 264192K, used 73847K [0x0000000700000000, 0x0000000800000000)
  region size 2048K, 24 young (49152K), 4 survivors (8192K)
 Metaspace       used 21110K, committed 21504K, reserved 1114112K
  class space    used 2989K, committed 3136K, reserved 1048576K
}
Event: 18.667 GC heap after
{Heap after GC invocations=3 (full 0):
 garbage-first heap   total 264192K, used 38271K [0x0000000700000000, 0x0000000800000000)
  region size 2048K, 7 young (14336K), 7 survivors (14336K)
 Metaspace       used 21110K, committed 21504K, reserved 1114112K
  class space    used 2989K, committed 3136K, reserved 1048576K
}

